ARM GAS  /var/folders/18/xss02wnj1dvbmt0zsb1nmd100000gn/T//ccQby6VV.s 			page 1


   1              		.cpu cortex-m7
   2              		.arch armv7e-m
   3              		.fpu fpv4-sp-d16
   4              		.eabi_attribute 27, 1
   5              		.eabi_attribute 28, 1
   6              		.eabi_attribute 20, 1
   7              		.eabi_attribute 21, 1
   8              		.eabi_attribute 23, 3
   9              		.eabi_attribute 24, 1
  10              		.eabi_attribute 25, 1
  11              		.eabi_attribute 26, 1
  12              		.eabi_attribute 30, 4
  13              		.eabi_attribute 34, 1
  14              		.eabi_attribute 18, 4
  15              		.file	"header.c"
  16              		.text
  17              	.Ltext0:
  18              		.cfi_sections	.debug_frame
  19              		.global	unit_header
  20              		.section	.unit_header,"a"
  21              		.type	unit_header, %object
  22              		.size	unit_header, 408
  23              	unit_header:
  24 0000 98010000 		.4byte	408
  25 0004 04050000 		.4byte	1284
  26 0008 00000200 		.4byte	131072
  27 000c 00000000 		.4byte	0
  28 0010 00000000 		.4byte	0
  29 0014 00010000 		.4byte	256
  30 0018 4C797265 		.ascii	"Lyre 1\000"
  30      203100
  31 001f 00000000 		.space	13
  31      00000000 
  31      00000000 
  31      00
  32 002c 00000000 		.space	8
  32      00000000 
  33 0034 08000000 		.4byte	8
  34 0038 0000     		.2byte	0
  35 003a FF03     		.2byte	1023
  36 003c 0000     		.2byte	0
  37 003e 0000     		.2byte	0
  38 0040 00       		.byte	0
  39 0041 00       		.byte	0
  40 0042 464D2044 		.ascii	"FM Depth\000"
  40      65707468 
  40      00
  41 004b 00000000 		.space	13
  41      00000000 
  41      00000000 
  41      00
  42 0058 0000     		.2byte	0
  43 005a FF03     		.2byte	1023
  44 005c 0000     		.2byte	0
  45 005e 0000     		.2byte	0
  46 0060 00       		.byte	0
  47 0061 00       		.byte	0
ARM GAS  /var/folders/18/xss02wnj1dvbmt0zsb1nmd100000gn/T//ccQby6VV.s 			page 2


  48 0062 4C464F20 		.ascii	"LFO Depth\000"
  48      44657074 
  48      6800
  49 006c 00000000 		.space	12
  49      00000000 
  49      00000000 
  50 0078 0000     		.2byte	0
  51 007a 6400     		.2byte	100
  52 007c 0000     		.2byte	0
  53 007e 3200     		.2byte	50
  54 0080 00       		.byte	0
  55 0081 00       		.byte	0
  56 0082 4C464F20 		.ascii	"LFO 1\000"
  56      3100
  57 0088 00000000 		.space	16
  57      00000000 
  57      00000000 
  57      00000000 
  58 0098 0000     		.2byte	0
  59 009a 6400     		.2byte	100
  60 009c 0000     		.2byte	0
  61 009e 3200     		.2byte	50
  62 00a0 00       		.byte	0
  63 00a1 00       		.byte	0
  64 00a2 4C464F20 		.ascii	"LFO 2\000"
  64      3200
  65 00a8 00000000 		.space	16
  65      00000000 
  65      00000000 
  65      00000000 
  66 00b8 0000     		.2byte	0
  67 00ba 6400     		.2byte	100
  68 00bc 0000     		.2byte	0
  69 00be 3200     		.2byte	50
  70 00c0 00       		.byte	0
  71 00c1 00       		.byte	0
  72 00c2 57617665 		.ascii	"Wave Fold\000"
  72      20466F6C 
  72      6400
  73 00cc 00000000 		.space	12
  73      00000000 
  73      00000000 
  74 00d8 0000     		.2byte	0
  75 00da 6400     		.2byte	100
  76 00dc 0000     		.2byte	0
  77 00de 3200     		.2byte	50
  78 00e0 00       		.byte	0
  79 00e1 00       		.byte	0
  80 00e2 464D2054 		.ascii	"FM Tune\000"
  80      756E6500 
  81 00ea 00000000 		.space	14
  81      00000000 
  81      00000000 
  81      0000
  82 00f8 0000     		.2byte	0
  83 00fa 6400     		.2byte	100
  84 00fc 0000     		.2byte	0
ARM GAS  /var/folders/18/xss02wnj1dvbmt0zsb1nmd100000gn/T//ccQby6VV.s 			page 3


  85 00fe 3200     		.2byte	50
  86 0100 00       		.byte	0
  87 0101 00       		.byte	0
  88 0102 50697463 		.ascii	"Pitch\000"
  88      6800
  89 0108 00000000 		.space	16
  89      00000000 
  89      00000000 
  89      00000000 
  90 0118 0000     		.2byte	0
  91 011a 6400     		.2byte	100
  92 011c 0000     		.2byte	0
  93 011e 3200     		.2byte	50
  94 0120 00       		.byte	0
  95 0121 00       		.byte	0
  96 0122 46656564 		.ascii	"Feedback\000"
  96      6261636B 
  96      00
  97 012b 00000000 		.space	13
  97      00000000 
  97      00000000 
  97      00
  98 0138 0000     		.2byte	0
  99 013a 0000     		.2byte	0
 100 013c 0000     		.2byte	0
 101 013e 0000     		.2byte	0
 102 0140 00       		.byte	0
 103 0141 00       		.byte	0
 104 0142 00       		.ascii	"\000"
 105 0143 00000000 		.space	21
 105      00000000 
 105      00000000 
 105      00000000 
 105      00000000 
 106 0158 0000     		.2byte	0
 107 015a 0000     		.2byte	0
 108 015c 0000     		.2byte	0
 109 015e 0000     		.2byte	0
 110 0160 00       		.byte	0
 111 0161 00       		.byte	0
 112 0162 00       		.ascii	"\000"
 113 0163 00000000 		.space	21
 113      00000000 
 113      00000000 
 113      00000000 
 113      00000000 
 114 0178 00000000 		.space	32
 114      00000000 
 114      00000000 
 114      00000000 
 114      00000000 
 115              		.text
 116              	.Letext0:
 117              		.file 1 "/Users/majid/repos/logue-sdk/tools/gcc/gcc-arm-none-eabi-10.3-2021.10/arm-none-eabi/inclu
 118              		.file 2 "/Users/majid/repos/logue-sdk/tools/gcc/gcc-arm-none-eabi-10.3-2021.10/arm-none-eabi/inclu
 119              		.file 3 "/Users/majid/repos/logue-sdk/platform/nts-1_mkii/common/runtime.h"
 120              		.file 4 "/Users/majid/repos/logue-sdk/platform/nts-1_mkii/common/unit.h"
ARM GAS  /var/folders/18/xss02wnj1dvbmt0zsb1nmd100000gn/T//ccQby6VV.s 			page 4


 121              		.file 5 "/Users/majid/repos/NTS-1_Binaries/Lyre-1-mkii/src/header.c"
 122              		.section	.debug_info,"",%progbits
 123              	.Ldebug_info0:
 124 0000 D0030000 		.4byte	0x3d0
 125 0004 0400     		.2byte	0x4
 126 0006 00000000 		.4byte	.Ldebug_abbrev0
 127 000a 04       		.byte	0x4
 128 000b 01       		.uleb128 0x1
 129 000c C0020000 		.4byte	.LASF82
 130 0010 0C       		.byte	0xc
 131 0011 EE040000 		.4byte	.LASF83
 132 0015 A7060000 		.4byte	.LASF84
 133 0019 00000000 		.4byte	.Ldebug_line0
 134 001d 02       		.uleb128 0x2
 135 001e 01       		.byte	0x1
 136 001f 06       		.byte	0x6
 137 0020 36040000 		.4byte	.LASF0
 138 0024 03       		.uleb128 0x3
 139 0025 F2060000 		.4byte	.LASF2
 140 0029 01       		.byte	0x1
 141 002a 2B       		.byte	0x2b
 142 002b 18       		.byte	0x18
 143 002c 30000000 		.4byte	0x30
 144 0030 02       		.uleb128 0x2
 145 0031 01       		.byte	0x1
 146 0032 08       		.byte	0x8
 147 0033 0C040000 		.4byte	.LASF1
 148 0037 03       		.uleb128 0x3
 149 0038 69060000 		.4byte	.LASF3
 150 003c 01       		.byte	0x1
 151 003d 37       		.byte	0x37
 152 003e 18       		.byte	0x18
 153 003f 43000000 		.4byte	0x43
 154 0043 02       		.uleb128 0x2
 155 0044 02       		.byte	0x2
 156 0045 05       		.byte	0x5
 157 0046 50000000 		.4byte	.LASF4
 158 004a 02       		.uleb128 0x2
 159 004b 02       		.byte	0x2
 160 004c 07       		.byte	0x7
 161 004d 3C050000 		.4byte	.LASF5
 162 0051 02       		.uleb128 0x2
 163 0052 04       		.byte	0x4
 164 0053 05       		.byte	0x5
 165 0054 4F020000 		.4byte	.LASF6
 166 0058 03       		.uleb128 0x3
 167 0059 79000000 		.4byte	.LASF7
 168 005d 01       		.byte	0x1
 169 005e 4F       		.byte	0x4f
 170 005f 19       		.byte	0x19
 171 0060 64000000 		.4byte	0x64
 172 0064 02       		.uleb128 0x2
 173 0065 04       		.byte	0x4
 174 0066 07       		.byte	0x7
 175 0067 A8040000 		.4byte	.LASF8
 176 006b 02       		.uleb128 0x2
 177 006c 08       		.byte	0x8
ARM GAS  /var/folders/18/xss02wnj1dvbmt0zsb1nmd100000gn/T//ccQby6VV.s 			page 5


 178 006d 05       		.byte	0x5
 179 006e 41020000 		.4byte	.LASF9
 180 0072 02       		.uleb128 0x2
 181 0073 08       		.byte	0x8
 182 0074 07       		.byte	0x7
 183 0075 64040000 		.4byte	.LASF10
 184 0079 04       		.uleb128 0x4
 185 007a 04       		.byte	0x4
 186 007b 05       		.byte	0x5
 187 007c 696E7400 		.ascii	"int\000"
 188 0080 02       		.uleb128 0x2
 189 0081 04       		.byte	0x4
 190 0082 07       		.byte	0x7
 191 0083 84040000 		.4byte	.LASF11
 192 0087 03       		.uleb128 0x3
 193 0088 24010000 		.4byte	.LASF12
 194 008c 02       		.byte	0x2
 195 008d 18       		.byte	0x18
 196 008e 13       		.byte	0x13
 197 008f 24000000 		.4byte	0x24
 198 0093 03       		.uleb128 0x3
 199 0094 8C050000 		.4byte	.LASF13
 200 0098 02       		.byte	0x2
 201 0099 20       		.byte	0x20
 202 009a 13       		.byte	0x13
 203 009b 37000000 		.4byte	0x37
 204 009f 03       		.uleb128 0x3
 205 00a0 7B040000 		.4byte	.LASF14
 206 00a4 02       		.byte	0x2
 207 00a5 30       		.byte	0x30
 208 00a6 14       		.byte	0x14
 209 00a7 58000000 		.4byte	0x58
 210 00ab 02       		.uleb128 0x2
 211 00ac 08       		.byte	0x8
 212 00ad 04       		.byte	0x4
 213 00ae F4030000 		.4byte	.LASF15
 214 00b2 02       		.uleb128 0x2
 215 00b3 01       		.byte	0x1
 216 00b4 08       		.byte	0x8
 217 00b5 6B050000 		.4byte	.LASF16
 218 00b9 02       		.uleb128 0x2
 219 00ba 04       		.byte	0x4
 220 00bb 04       		.byte	0x4
 221 00bc 06020000 		.4byte	.LASF17
 222 00c0 02       		.uleb128 0x2
 223 00c1 08       		.byte	0x8
 224 00c2 04       		.byte	0x4
 225 00c3 4D060000 		.4byte	.LASF18
 226 00c7 05       		.uleb128 0x5
 227 00c8 07       		.byte	0x7
 228 00c9 01       		.byte	0x1
 229 00ca 30000000 		.4byte	0x30
 230 00ce 03       		.byte	0x3
 231 00cf 38       		.byte	0x38
 232 00d0 08       		.byte	0x8
 233 00d1 06010000 		.4byte	0x106
 234 00d5 06       		.uleb128 0x6
ARM GAS  /var/folders/18/xss02wnj1dvbmt0zsb1nmd100000gn/T//ccQby6VV.s 			page 6


 235 00d6 94050000 		.4byte	.LASF19
 236 00da 00       		.byte	0
 237 00db 06       		.uleb128 0x6
 238 00dc D5060000 		.4byte	.LASF20
 239 00e0 01       		.byte	0x1
 240 00e1 06       		.uleb128 0x6
 241 00e2 BA030000 		.4byte	.LASF21
 242 00e6 02       		.byte	0x2
 243 00e7 06       		.uleb128 0x6
 244 00e8 00000000 		.4byte	.LASF22
 245 00ec 03       		.byte	0x3
 246 00ed 06       		.uleb128 0x6
 247 00ee 7A050000 		.4byte	.LASF23
 248 00f2 04       		.byte	0x4
 249 00f3 06       		.uleb128 0x6
 250 00f4 65000000 		.4byte	.LASF24
 251 00f8 05       		.byte	0x5
 252 00f9 06       		.uleb128 0x6
 253 00fa 0D010000 		.4byte	.LASF25
 254 00fe 06       		.byte	0x6
 255 00ff 06       		.uleb128 0x6
 256 0100 29050000 		.4byte	.LASF26
 257 0104 07       		.byte	0x7
 258 0105 00       		.byte	0
 259 0106 05       		.uleb128 0x5
 260 0107 07       		.byte	0x7
 261 0108 02       		.byte	0x2
 262 0109 4A000000 		.4byte	0x4a
 263 010d 03       		.byte	0x3
 264 010e 68       		.byte	0x68
 265 010f 08       		.byte	0x8
 266 0110 3F010000 		.4byte	0x13f
 267 0114 07       		.uleb128 0x7
 268 0115 8B060000 		.4byte	.LASF27
 269 0119 0003     		.2byte	0x300
 270 011b 07       		.uleb128 0x7
 271 011c E3010000 		.4byte	.LASF28
 272 0120 0003     		.2byte	0x300
 273 0122 07       		.uleb128 0x7
 274 0123 B8000000 		.4byte	.LASF29
 275 0127 0103     		.2byte	0x301
 276 0129 07       		.uleb128 0x7
 277 012a 42040000 		.4byte	.LASF30
 278 012e 0203     		.2byte	0x302
 279 0130 07       		.uleb128 0x7
 280 0131 87010000 		.4byte	.LASF31
 281 0135 0303     		.2byte	0x303
 282 0137 07       		.uleb128 0x7
 283 0138 A9010000 		.4byte	.LASF32
 284 013c 0403     		.2byte	0x304
 285 013e 00       		.byte	0
 286 013f 05       		.uleb128 0x5
 287 0140 07       		.byte	0x7
 288 0141 02       		.byte	0x2
 289 0142 4A000000 		.4byte	0x4a
 290 0146 03       		.byte	0x3
 291 0147 8D       		.byte	0x8d
ARM GAS  /var/folders/18/xss02wnj1dvbmt0zsb1nmd100000gn/T//ccQby6VV.s 			page 7


 292 0148 08       		.byte	0x8
 293 0149 78010000 		.4byte	0x178
 294 014d 07       		.uleb128 0x7
 295 014e F4050000 		.4byte	.LASF33
 296 0152 0005     		.2byte	0x500
 297 0154 07       		.uleb128 0x7
 298 0155 22020000 		.4byte	.LASF34
 299 0159 0005     		.2byte	0x500
 300 015b 07       		.uleb128 0x7
 301 015c 85020000 		.4byte	.LASF35
 302 0160 0105     		.2byte	0x501
 303 0162 07       		.uleb128 0x7
 304 0163 C1050000 		.4byte	.LASF36
 305 0167 0205     		.2byte	0x502
 306 0169 07       		.uleb128 0x7
 307 016a D0040000 		.4byte	.LASF37
 308 016e 0305     		.2byte	0x503
 309 0170 07       		.uleb128 0x7
 310 0171 9C000000 		.4byte	.LASF38
 311 0175 0405     		.2byte	0x504
 312 0177 00       		.byte	0
 313 0178 05       		.uleb128 0x5
 314 0179 07       		.byte	0x7
 315 017a 04       		.byte	0x4
 316 017b 80000000 		.4byte	0x80
 317 017f 03       		.byte	0x3
 318 0180 A8       		.byte	0xa8
 319 0181 08       		.byte	0x8
 320 0182 A2010000 		.4byte	0x1a2
 321 0186 08       		.uleb128 0x8
 322 0187 AF020000 		.4byte	.LASF39
 323 018b 00000100 		.4byte	0x10000
 324 018f 08       		.uleb128 0x8
 325 0190 73060000 		.4byte	.LASF40
 326 0194 00010100 		.4byte	0x10100
 327 0198 08       		.uleb128 0x8
 328 0199 25060000 		.4byte	.LASF41
 329 019d 00000200 		.4byte	0x20000
 330 01a1 00       		.byte	0
 331 01a2 09       		.uleb128 0x9
 332 01a3 07       		.byte	0x7
 333 01a4 01       		.byte	0x1
 334 01a5 30000000 		.4byte	0x30
 335 01a9 03       		.byte	0x3
 336 01aa 1401     		.2byte	0x114
 337 01ac 08       		.byte	0x8
 338 01ad 2A020000 		.4byte	0x22a
 339 01b1 06       		.uleb128 0x6
 340 01b2 91040000 		.4byte	.LASF42
 341 01b6 00       		.byte	0
 342 01b7 06       		.uleb128 0x6
 343 01b8 C9010000 		.4byte	.LASF43
 344 01bc 01       		.byte	0x1
 345 01bd 06       		.uleb128 0x6
 346 01be 54060000 		.4byte	.LASF44
 347 01c2 02       		.byte	0x2
 348 01c3 06       		.uleb128 0x6
ARM GAS  /var/folders/18/xss02wnj1dvbmt0zsb1nmd100000gn/T//ccQby6VV.s 			page 8


 349 01c4 38000000 		.4byte	.LASF45
 350 01c8 03       		.byte	0x3
 351 01c9 06       		.uleb128 0x6
 352 01ca 36060000 		.4byte	.LASF46
 353 01ce 04       		.byte	0x4
 354 01cf 06       		.uleb128 0x6
 355 01d0 43010000 		.4byte	.LASF47
 356 01d4 05       		.byte	0x5
 357 01d5 06       		.uleb128 0x6
 358 01d6 84000000 		.4byte	.LASF48
 359 01da 06       		.byte	0x6
 360 01db 06       		.uleb128 0x6
 361 01dc 0C060000 		.4byte	.LASF49
 362 01e0 07       		.byte	0x7
 363 01e1 06       		.uleb128 0x6
 364 01e2 BA040000 		.4byte	.LASF50
 365 01e6 08       		.byte	0x8
 366 01e7 06       		.uleb128 0x6
 367 01e8 A3030000 		.4byte	.LASF51
 368 01ec 09       		.byte	0x9
 369 01ed 06       		.uleb128 0x6
 370 01ee 59010000 		.4byte	.LASF52
 371 01f2 0A       		.byte	0xa
 372 01f3 06       		.uleb128 0x6
 373 01f4 2C010000 		.4byte	.LASF53
 374 01f8 0B       		.byte	0xb
 375 01f9 06       		.uleb128 0x6
 376 01fa DA030000 		.4byte	.LASF54
 377 01fe 0C       		.byte	0xc
 378 01ff 06       		.uleb128 0x6
 379 0200 1A040000 		.4byte	.LASF55
 380 0204 0D       		.byte	0xd
 381 0205 06       		.uleb128 0x6
 382 0206 6C020000 		.4byte	.LASF56
 383 020a 0E       		.byte	0xe
 384 020b 06       		.uleb128 0x6
 385 020c 0C020000 		.4byte	.LASF57
 386 0210 0F       		.byte	0xf
 387 0211 06       		.uleb128 0x6
 388 0212 DF000000 		.4byte	.LASF58
 389 0216 10       		.byte	0x10
 390 0217 06       		.uleb128 0x6
 391 0218 A9050000 		.4byte	.LASF59
 392 021c 11       		.byte	0x11
 393 021d 06       		.uleb128 0x6
 394 021e 4F050000 		.4byte	.LASF60
 395 0222 12       		.byte	0x12
 396 0223 06       		.uleb128 0x6
 397 0224 6F010000 		.4byte	.LASF61
 398 0228 13       		.byte	0x13
 399 0229 00       		.byte	0
 400 022a 0A       		.uleb128 0xa
 401 022b 5A000000 		.4byte	.LASF70
 402 022f 20       		.byte	0x20
 403 0230 03       		.byte	0x3
 404 0231 3301     		.2byte	0x133
 405 0233 12       		.byte	0x12
ARM GAS  /var/folders/18/xss02wnj1dvbmt0zsb1nmd100000gn/T//ccQby6VV.s 			page 9


 406 0234 C0020000 		.4byte	0x2c0
 407 0238 0B       		.uleb128 0xb
 408 0239 6D696E00 		.ascii	"min\000"
 409 023d 03       		.byte	0x3
 410 023e 3401     		.2byte	0x134
 411 0240 0D       		.byte	0xd
 412 0241 93000000 		.4byte	0x93
 413 0245 00       		.byte	0
 414 0246 0B       		.uleb128 0xb
 415 0247 6D617800 		.ascii	"max\000"
 416 024b 03       		.byte	0x3
 417 024c 3501     		.2byte	0x135
 418 024e 0D       		.byte	0xd
 419 024f 93000000 		.4byte	0x93
 420 0253 02       		.byte	0x2
 421 0254 0C       		.uleb128 0xc
 422 0255 24000000 		.4byte	.LASF62
 423 0259 03       		.byte	0x3
 424 025a 3601     		.2byte	0x136
 425 025c 0D       		.byte	0xd
 426 025d 93000000 		.4byte	0x93
 427 0261 04       		.byte	0x4
 428 0262 0C       		.uleb128 0xc
 429 0263 70050000 		.4byte	.LASF63
 430 0267 03       		.byte	0x3
 431 0268 3701     		.2byte	0x137
 432 026a 0D       		.byte	0xd
 433 026b 93000000 		.4byte	0x93
 434 026f 06       		.byte	0x6
 435 0270 0C       		.uleb128 0xc
 436 0271 75050000 		.4byte	.LASF64
 437 0275 03       		.byte	0x3
 438 0276 3801     		.2byte	0x138
 439 0278 0D       		.byte	0xd
 440 0279 87000000 		.4byte	0x87
 441 027d 08       		.byte	0x8
 442 027e 0D       		.uleb128 0xd
 443 027f DA000000 		.4byte	.LASF65
 444 0283 03       		.byte	0x3
 445 0284 3901     		.2byte	0x139
 446 0286 0D       		.byte	0xd
 447 0287 87000000 		.4byte	0x87
 448 028b 01       		.byte	0x1
 449 028c 04       		.byte	0x4
 450 028d 04       		.byte	0x4
 451 028e 09       		.byte	0x9
 452 028f 0D       		.uleb128 0xd
 453 0290 DF050000 		.4byte	.LASF66
 454 0294 03       		.byte	0x3
 455 0295 3A01     		.2byte	0x13a
 456 0297 0D       		.byte	0xd
 457 0298 87000000 		.4byte	0x87
 458 029c 01       		.byte	0x1
 459 029d 01       		.byte	0x1
 460 029e 03       		.byte	0x3
 461 029f 09       		.byte	0x9
 462 02a0 0D       		.uleb128 0xd
ARM GAS  /var/folders/18/xss02wnj1dvbmt0zsb1nmd100000gn/T//ccQby6VV.s 			page 10


 463 02a1 E9060000 		.4byte	.LASF67
 464 02a5 03       		.byte	0x3
 465 02a6 3B01     		.2byte	0x13b
 466 02a8 0D       		.byte	0xd
 467 02a9 87000000 		.4byte	0x87
 468 02ad 01       		.byte	0x1
 469 02ae 03       		.byte	0x3
 470 02af 00       		.byte	0
 471 02b0 09       		.byte	0x9
 472 02b1 0C       		.uleb128 0xc
 473 02b2 D5030000 		.4byte	.LASF68
 474 02b6 03       		.byte	0x3
 475 02b7 3C01     		.2byte	0x13c
 476 02b9 0D       		.byte	0xd
 477 02ba C0020000 		.4byte	0x2c0
 478 02be 0A       		.byte	0xa
 479 02bf 00       		.byte	0
 480 02c0 0E       		.uleb128 0xe
 481 02c1 B2000000 		.4byte	0xb2
 482 02c5 D0020000 		.4byte	0x2d0
 483 02c9 0F       		.uleb128 0xf
 484 02ca 80000000 		.4byte	0x80
 485 02ce 15       		.byte	0x15
 486 02cf 00       		.byte	0
 487 02d0 10       		.uleb128 0x10
 488 02d1 2B000000 		.4byte	.LASF69
 489 02d5 03       		.byte	0x3
 490 02d6 3D01     		.2byte	0x13d
 491 02d8 05       		.byte	0x5
 492 02d9 2A020000 		.4byte	0x22a
 493 02dd 11       		.uleb128 0x11
 494 02de A3020000 		.4byte	.LASF71
 495 02e2 9801     		.2byte	0x198
 496 02e4 03       		.byte	0x3
 497 02e5 E301     		.2byte	0x1e3
 498 02e7 12       		.byte	0x12
 499 02e8 87030000 		.4byte	0x387
 500 02ec 0C       		.uleb128 0xc
 501 02ed 00040000 		.4byte	.LASF72
 502 02f1 03       		.byte	0x3
 503 02f2 E401     		.2byte	0x1e4
 504 02f4 0E       		.byte	0xe
 505 02f5 9F000000 		.4byte	0x9f
 506 02f9 00       		.byte	0
 507 02fa 0C       		.uleb128 0xc
 508 02fb 84060000 		.4byte	.LASF73
 509 02ff 03       		.byte	0x3
 510 0300 E501     		.2byte	0x1e5
 511 0302 0E       		.byte	0xe
 512 0303 9F000000 		.4byte	0x9f
 513 0307 04       		.byte	0x4
 514 0308 0B       		.uleb128 0xb
 515 0309 61706900 		.ascii	"api\000"
 516 030d 03       		.byte	0x3
 517 030e E601     		.2byte	0x1e6
 518 0310 0E       		.byte	0xe
 519 0311 9F000000 		.4byte	0x9f
ARM GAS  /var/folders/18/xss02wnj1dvbmt0zsb1nmd100000gn/T//ccQby6VV.s 			page 11


 520 0315 08       		.byte	0x8
 521 0316 0C       		.uleb128 0xc
 522 0317 F8000000 		.4byte	.LASF74
 523 031b 03       		.byte	0x3
 524 031c E701     		.2byte	0x1e7
 525 031e 0E       		.byte	0xe
 526 031f 9F000000 		.4byte	0x9f
 527 0323 0C       		.byte	0xc
 528 0324 0C       		.uleb128 0xc
 529 0325 1C000000 		.4byte	.LASF75
 530 0329 03       		.byte	0x3
 531 032a E801     		.2byte	0x1e8
 532 032c 0E       		.byte	0xe
 533 032d 9F000000 		.4byte	0x9f
 534 0331 10       		.byte	0x10
 535 0332 0C       		.uleb128 0xc
 536 0333 14000000 		.4byte	.LASF76
 537 0337 03       		.byte	0x3
 538 0338 E901     		.2byte	0x1e9
 539 033a 0E       		.byte	0xe
 540 033b 9F000000 		.4byte	0x9f
 541 033f 14       		.byte	0x14
 542 0340 0C       		.uleb128 0xc
 543 0341 D5030000 		.4byte	.LASF68
 544 0345 03       		.byte	0x3
 545 0346 EA01     		.2byte	0x1ea
 546 0348 0E       		.byte	0xe
 547 0349 87030000 		.4byte	0x387
 548 034d 18       		.byte	0x18
 549 034e 0C       		.uleb128 0xc
 550 034f 58020000 		.4byte	.LASF77
 551 0353 03       		.byte	0x3
 552 0354 EB01     		.2byte	0x1eb
 553 0356 0E       		.byte	0xe
 554 0357 9F000000 		.4byte	0x9f
 555 035b 2C       		.byte	0x2c
 556 035c 0C       		.uleb128 0xc
 557 035d 62020000 		.4byte	.LASF78
 558 0361 03       		.byte	0x3
 559 0362 EC01     		.2byte	0x1ec
 560 0364 0E       		.byte	0xe
 561 0365 9F000000 		.4byte	0x9f
 562 0369 30       		.byte	0x30
 563 036a 0C       		.uleb128 0xc
 564 036b E9050000 		.4byte	.LASF79
 565 036f 03       		.byte	0x3
 566 0370 ED01     		.2byte	0x1ed
 567 0372 0E       		.byte	0xe
 568 0373 9F000000 		.4byte	0x9f
 569 0377 34       		.byte	0x34
 570 0378 0C       		.uleb128 0xc
 571 0379 CE030000 		.4byte	.LASF80
 572 037d 03       		.byte	0x3
 573 037e EE01     		.2byte	0x1ee
 574 0380 12       		.byte	0x12
 575 0381 97030000 		.4byte	0x397
 576 0385 38       		.byte	0x38
ARM GAS  /var/folders/18/xss02wnj1dvbmt0zsb1nmd100000gn/T//ccQby6VV.s 			page 12


 577 0386 00       		.byte	0
 578 0387 0E       		.uleb128 0xe
 579 0388 B2000000 		.4byte	0xb2
 580 038c 97030000 		.4byte	0x397
 581 0390 0F       		.uleb128 0xf
 582 0391 80000000 		.4byte	0x80
 583 0395 13       		.byte	0x13
 584 0396 00       		.byte	0
 585 0397 0E       		.uleb128 0xe
 586 0398 D0020000 		.4byte	0x2d0
 587 039c A7030000 		.4byte	0x3a7
 588 03a0 0F       		.uleb128 0xf
 589 03a1 80000000 		.4byte	0x80
 590 03a5 0A       		.byte	0xa
 591 03a6 00       		.byte	0
 592 03a7 10       		.uleb128 0x10
 593 03a8 FF000000 		.4byte	.LASF81
 594 03ac 03       		.byte	0x3
 595 03ad EF01     		.2byte	0x1ef
 596 03af 05       		.byte	0x5
 597 03b0 DD020000 		.4byte	0x2dd
 598 03b4 12       		.uleb128 0x12
 599 03b5 A7030000 		.4byte	0x3a7
 600 03b9 13       		.uleb128 0x13
 601 03ba A3020000 		.4byte	.LASF71
 602 03be 04       		.byte	0x4
 603 03bf 36       		.byte	0x36
 604 03c0 1C       		.byte	0x1c
 605 03c1 B4030000 		.4byte	0x3b4
 606 03c5 14       		.uleb128 0x14
 607 03c6 B9030000 		.4byte	0x3b9
 608 03ca 05       		.byte	0x5
 609 03cb 03       		.byte	0x3
 610 03cc 23       		.byte	0x23
 611 03cd 05       		.uleb128 0x5
 612 03ce 03       		.byte	0x3
 613 03cf 00000000 		.4byte	unit_header
 614 03d3 00       		.byte	0
 615              		.section	.debug_abbrev,"",%progbits
 616              	.Ldebug_abbrev0:
 617 0000 01       		.uleb128 0x1
 618 0001 11       		.uleb128 0x11
 619 0002 01       		.byte	0x1
 620 0003 25       		.uleb128 0x25
 621 0004 0E       		.uleb128 0xe
 622 0005 13       		.uleb128 0x13
 623 0006 0B       		.uleb128 0xb
 624 0007 03       		.uleb128 0x3
 625 0008 0E       		.uleb128 0xe
 626 0009 1B       		.uleb128 0x1b
 627 000a 0E       		.uleb128 0xe
 628 000b 10       		.uleb128 0x10
 629 000c 17       		.uleb128 0x17
 630 000d 00       		.byte	0
 631 000e 00       		.byte	0
 632 000f 02       		.uleb128 0x2
 633 0010 24       		.uleb128 0x24
ARM GAS  /var/folders/18/xss02wnj1dvbmt0zsb1nmd100000gn/T//ccQby6VV.s 			page 13


 634 0011 00       		.byte	0
 635 0012 0B       		.uleb128 0xb
 636 0013 0B       		.uleb128 0xb
 637 0014 3E       		.uleb128 0x3e
 638 0015 0B       		.uleb128 0xb
 639 0016 03       		.uleb128 0x3
 640 0017 0E       		.uleb128 0xe
 641 0018 00       		.byte	0
 642 0019 00       		.byte	0
 643 001a 03       		.uleb128 0x3
 644 001b 16       		.uleb128 0x16
 645 001c 00       		.byte	0
 646 001d 03       		.uleb128 0x3
 647 001e 0E       		.uleb128 0xe
 648 001f 3A       		.uleb128 0x3a
 649 0020 0B       		.uleb128 0xb
 650 0021 3B       		.uleb128 0x3b
 651 0022 0B       		.uleb128 0xb
 652 0023 39       		.uleb128 0x39
 653 0024 0B       		.uleb128 0xb
 654 0025 49       		.uleb128 0x49
 655 0026 13       		.uleb128 0x13
 656 0027 00       		.byte	0
 657 0028 00       		.byte	0
 658 0029 04       		.uleb128 0x4
 659 002a 24       		.uleb128 0x24
 660 002b 00       		.byte	0
 661 002c 0B       		.uleb128 0xb
 662 002d 0B       		.uleb128 0xb
 663 002e 3E       		.uleb128 0x3e
 664 002f 0B       		.uleb128 0xb
 665 0030 03       		.uleb128 0x3
 666 0031 08       		.uleb128 0x8
 667 0032 00       		.byte	0
 668 0033 00       		.byte	0
 669 0034 05       		.uleb128 0x5
 670 0035 04       		.uleb128 0x4
 671 0036 01       		.byte	0x1
 672 0037 3E       		.uleb128 0x3e
 673 0038 0B       		.uleb128 0xb
 674 0039 0B       		.uleb128 0xb
 675 003a 0B       		.uleb128 0xb
 676 003b 49       		.uleb128 0x49
 677 003c 13       		.uleb128 0x13
 678 003d 3A       		.uleb128 0x3a
 679 003e 0B       		.uleb128 0xb
 680 003f 3B       		.uleb128 0x3b
 681 0040 0B       		.uleb128 0xb
 682 0041 39       		.uleb128 0x39
 683 0042 0B       		.uleb128 0xb
 684 0043 01       		.uleb128 0x1
 685 0044 13       		.uleb128 0x13
 686 0045 00       		.byte	0
 687 0046 00       		.byte	0
 688 0047 06       		.uleb128 0x6
 689 0048 28       		.uleb128 0x28
 690 0049 00       		.byte	0
ARM GAS  /var/folders/18/xss02wnj1dvbmt0zsb1nmd100000gn/T//ccQby6VV.s 			page 14


 691 004a 03       		.uleb128 0x3
 692 004b 0E       		.uleb128 0xe
 693 004c 1C       		.uleb128 0x1c
 694 004d 0B       		.uleb128 0xb
 695 004e 00       		.byte	0
 696 004f 00       		.byte	0
 697 0050 07       		.uleb128 0x7
 698 0051 28       		.uleb128 0x28
 699 0052 00       		.byte	0
 700 0053 03       		.uleb128 0x3
 701 0054 0E       		.uleb128 0xe
 702 0055 1C       		.uleb128 0x1c
 703 0056 05       		.uleb128 0x5
 704 0057 00       		.byte	0
 705 0058 00       		.byte	0
 706 0059 08       		.uleb128 0x8
 707 005a 28       		.uleb128 0x28
 708 005b 00       		.byte	0
 709 005c 03       		.uleb128 0x3
 710 005d 0E       		.uleb128 0xe
 711 005e 1C       		.uleb128 0x1c
 712 005f 06       		.uleb128 0x6
 713 0060 00       		.byte	0
 714 0061 00       		.byte	0
 715 0062 09       		.uleb128 0x9
 716 0063 04       		.uleb128 0x4
 717 0064 01       		.byte	0x1
 718 0065 3E       		.uleb128 0x3e
 719 0066 0B       		.uleb128 0xb
 720 0067 0B       		.uleb128 0xb
 721 0068 0B       		.uleb128 0xb
 722 0069 49       		.uleb128 0x49
 723 006a 13       		.uleb128 0x13
 724 006b 3A       		.uleb128 0x3a
 725 006c 0B       		.uleb128 0xb
 726 006d 3B       		.uleb128 0x3b
 727 006e 05       		.uleb128 0x5
 728 006f 39       		.uleb128 0x39
 729 0070 0B       		.uleb128 0xb
 730 0071 01       		.uleb128 0x1
 731 0072 13       		.uleb128 0x13
 732 0073 00       		.byte	0
 733 0074 00       		.byte	0
 734 0075 0A       		.uleb128 0xa
 735 0076 13       		.uleb128 0x13
 736 0077 01       		.byte	0x1
 737 0078 03       		.uleb128 0x3
 738 0079 0E       		.uleb128 0xe
 739 007a 0B       		.uleb128 0xb
 740 007b 0B       		.uleb128 0xb
 741 007c 3A       		.uleb128 0x3a
 742 007d 0B       		.uleb128 0xb
 743 007e 3B       		.uleb128 0x3b
 744 007f 05       		.uleb128 0x5
 745 0080 39       		.uleb128 0x39
 746 0081 0B       		.uleb128 0xb
 747 0082 01       		.uleb128 0x1
ARM GAS  /var/folders/18/xss02wnj1dvbmt0zsb1nmd100000gn/T//ccQby6VV.s 			page 15


 748 0083 13       		.uleb128 0x13
 749 0084 00       		.byte	0
 750 0085 00       		.byte	0
 751 0086 0B       		.uleb128 0xb
 752 0087 0D       		.uleb128 0xd
 753 0088 00       		.byte	0
 754 0089 03       		.uleb128 0x3
 755 008a 08       		.uleb128 0x8
 756 008b 3A       		.uleb128 0x3a
 757 008c 0B       		.uleb128 0xb
 758 008d 3B       		.uleb128 0x3b
 759 008e 05       		.uleb128 0x5
 760 008f 39       		.uleb128 0x39
 761 0090 0B       		.uleb128 0xb
 762 0091 49       		.uleb128 0x49
 763 0092 13       		.uleb128 0x13
 764 0093 38       		.uleb128 0x38
 765 0094 0B       		.uleb128 0xb
 766 0095 00       		.byte	0
 767 0096 00       		.byte	0
 768 0097 0C       		.uleb128 0xc
 769 0098 0D       		.uleb128 0xd
 770 0099 00       		.byte	0
 771 009a 03       		.uleb128 0x3
 772 009b 0E       		.uleb128 0xe
 773 009c 3A       		.uleb128 0x3a
 774 009d 0B       		.uleb128 0xb
 775 009e 3B       		.uleb128 0x3b
 776 009f 05       		.uleb128 0x5
 777 00a0 39       		.uleb128 0x39
 778 00a1 0B       		.uleb128 0xb
 779 00a2 49       		.uleb128 0x49
 780 00a3 13       		.uleb128 0x13
 781 00a4 38       		.uleb128 0x38
 782 00a5 0B       		.uleb128 0xb
 783 00a6 00       		.byte	0
 784 00a7 00       		.byte	0
 785 00a8 0D       		.uleb128 0xd
 786 00a9 0D       		.uleb128 0xd
 787 00aa 00       		.byte	0
 788 00ab 03       		.uleb128 0x3
 789 00ac 0E       		.uleb128 0xe
 790 00ad 3A       		.uleb128 0x3a
 791 00ae 0B       		.uleb128 0xb
 792 00af 3B       		.uleb128 0x3b
 793 00b0 05       		.uleb128 0x5
 794 00b1 39       		.uleb128 0x39
 795 00b2 0B       		.uleb128 0xb
 796 00b3 49       		.uleb128 0x49
 797 00b4 13       		.uleb128 0x13
 798 00b5 0B       		.uleb128 0xb
 799 00b6 0B       		.uleb128 0xb
 800 00b7 0D       		.uleb128 0xd
 801 00b8 0B       		.uleb128 0xb
 802 00b9 0C       		.uleb128 0xc
 803 00ba 0B       		.uleb128 0xb
 804 00bb 38       		.uleb128 0x38
ARM GAS  /var/folders/18/xss02wnj1dvbmt0zsb1nmd100000gn/T//ccQby6VV.s 			page 16


 805 00bc 0B       		.uleb128 0xb
 806 00bd 00       		.byte	0
 807 00be 00       		.byte	0
 808 00bf 0E       		.uleb128 0xe
 809 00c0 01       		.uleb128 0x1
 810 00c1 01       		.byte	0x1
 811 00c2 49       		.uleb128 0x49
 812 00c3 13       		.uleb128 0x13
 813 00c4 01       		.uleb128 0x1
 814 00c5 13       		.uleb128 0x13
 815 00c6 00       		.byte	0
 816 00c7 00       		.byte	0
 817 00c8 0F       		.uleb128 0xf
 818 00c9 21       		.uleb128 0x21
 819 00ca 00       		.byte	0
 820 00cb 49       		.uleb128 0x49
 821 00cc 13       		.uleb128 0x13
 822 00cd 2F       		.uleb128 0x2f
 823 00ce 0B       		.uleb128 0xb
 824 00cf 00       		.byte	0
 825 00d0 00       		.byte	0
 826 00d1 10       		.uleb128 0x10
 827 00d2 16       		.uleb128 0x16
 828 00d3 00       		.byte	0
 829 00d4 03       		.uleb128 0x3
 830 00d5 0E       		.uleb128 0xe
 831 00d6 3A       		.uleb128 0x3a
 832 00d7 0B       		.uleb128 0xb
 833 00d8 3B       		.uleb128 0x3b
 834 00d9 05       		.uleb128 0x5
 835 00da 39       		.uleb128 0x39
 836 00db 0B       		.uleb128 0xb
 837 00dc 49       		.uleb128 0x49
 838 00dd 13       		.uleb128 0x13
 839 00de 00       		.byte	0
 840 00df 00       		.byte	0
 841 00e0 11       		.uleb128 0x11
 842 00e1 13       		.uleb128 0x13
 843 00e2 01       		.byte	0x1
 844 00e3 03       		.uleb128 0x3
 845 00e4 0E       		.uleb128 0xe
 846 00e5 0B       		.uleb128 0xb
 847 00e6 05       		.uleb128 0x5
 848 00e7 3A       		.uleb128 0x3a
 849 00e8 0B       		.uleb128 0xb
 850 00e9 3B       		.uleb128 0x3b
 851 00ea 05       		.uleb128 0x5
 852 00eb 39       		.uleb128 0x39
 853 00ec 0B       		.uleb128 0xb
 854 00ed 01       		.uleb128 0x1
 855 00ee 13       		.uleb128 0x13
 856 00ef 00       		.byte	0
 857 00f0 00       		.byte	0
 858 00f1 12       		.uleb128 0x12
 859 00f2 26       		.uleb128 0x26
 860 00f3 00       		.byte	0
 861 00f4 49       		.uleb128 0x49
ARM GAS  /var/folders/18/xss02wnj1dvbmt0zsb1nmd100000gn/T//ccQby6VV.s 			page 17


 862 00f5 13       		.uleb128 0x13
 863 00f6 00       		.byte	0
 864 00f7 00       		.byte	0
 865 00f8 13       		.uleb128 0x13
 866 00f9 34       		.uleb128 0x34
 867 00fa 00       		.byte	0
 868 00fb 03       		.uleb128 0x3
 869 00fc 0E       		.uleb128 0xe
 870 00fd 3A       		.uleb128 0x3a
 871 00fe 0B       		.uleb128 0xb
 872 00ff 3B       		.uleb128 0x3b
 873 0100 0B       		.uleb128 0xb
 874 0101 39       		.uleb128 0x39
 875 0102 0B       		.uleb128 0xb
 876 0103 49       		.uleb128 0x49
 877 0104 13       		.uleb128 0x13
 878 0105 3F       		.uleb128 0x3f
 879 0106 19       		.uleb128 0x19
 880 0107 3C       		.uleb128 0x3c
 881 0108 19       		.uleb128 0x19
 882 0109 00       		.byte	0
 883 010a 00       		.byte	0
 884 010b 14       		.uleb128 0x14
 885 010c 34       		.uleb128 0x34
 886 010d 00       		.byte	0
 887 010e 47       		.uleb128 0x47
 888 010f 13       		.uleb128 0x13
 889 0110 3A       		.uleb128 0x3a
 890 0111 0B       		.uleb128 0xb
 891 0112 3B       		.uleb128 0x3b
 892 0113 0B       		.uleb128 0xb
 893 0114 39       		.uleb128 0x39
 894 0115 0B       		.uleb128 0xb
 895 0116 02       		.uleb128 0x2
 896 0117 18       		.uleb128 0x18
 897 0118 00       		.byte	0
 898 0119 00       		.byte	0
 899 011a 00       		.byte	0
 900              		.section	.debug_aranges,"",%progbits
 901 0000 14000000 		.4byte	0x14
 902 0004 0200     		.2byte	0x2
 903 0006 00000000 		.4byte	.Ldebug_info0
 904 000a 04       		.byte	0x4
 905 000b 00       		.byte	0
 906 000c 0000     		.2byte	0
 907 000e 0000     		.2byte	0
 908 0010 00000000 		.4byte	0
 909 0014 00000000 		.4byte	0
 910              		.section	.debug_line,"",%progbits
 911              	.Ldebug_line0:
 912 0000 8B010000 		.section	.debug_str,"MS",%progbits,1
 912      03008501 
 912      00000201 
 912      FB0E0D00 
 912      01010101 
 913              	.LASF22:
 914 0000 6B5F756E 		.ascii	"k_unit_module_revfx\000"
ARM GAS  /var/folders/18/xss02wnj1dvbmt0zsb1nmd100000gn/T//ccQby6VV.s 			page 18


 914      69745F6D 
 914      6F64756C 
 914      655F7265 
 914      76667800 
 915              	.LASF76:
 916 0014 76657273 		.ascii	"version\000"
 916      696F6E00 
 917              	.LASF75:
 918 001c 756E6974 		.ascii	"unit_id\000"
 918      5F696400 
 919              	.LASF62:
 920 0024 63656E74 		.ascii	"center\000"
 920      657200
 921              	.LASF69:
 922 002b 756E6974 		.ascii	"unit_param_t\000"
 922      5F706172 
 922      616D5F74 
 922      00
 923              	.LASF45:
 924 0038 6B5F756E 		.ascii	"k_unit_param_type_cents\000"
 924      69745F70 
 924      6172616D 
 924      5F747970 
 924      655F6365 
 925              	.LASF4:
 926 0050 73686F72 		.ascii	"short int\000"
 926      7420696E 
 926      7400
 927              	.LASF70:
 928 005a 756E6974 		.ascii	"unit_param\000"
 928      5F706172 
 928      616D00
 929              	.LASF24:
 930 0065 6B5F756E 		.ascii	"k_unit_module_synth\000"
 930      69745F6D 
 930      6F64756C 
 930      655F7379 
 930      6E746800 
 931              	.LASF7:
 932 0079 5F5F7569 		.ascii	"__uint32_t\000"
 932      6E743332 
 932      5F7400
 933              	.LASF48:
 934 0084 6B5F756E 		.ascii	"k_unit_param_type_hertz\000"
 934      69745F70 
 934      6172616D 
 934      5F747970 
 934      655F6865 
 935              	.LASF38:
 936 009c 6B5F756E 		.ascii	"k_unit_target_nts1_mkii_osc\000"
 936      69745F74 
 936      61726765 
 936      745F6E74 
 936      73315F6D 
 937              	.LASF29:
 938 00b8 6B5F756E 		.ascii	"k_unit_target_nutektdigital_modfx\000"
 938      69745F74 
ARM GAS  /var/folders/18/xss02wnj1dvbmt0zsb1nmd100000gn/T//ccQby6VV.s 			page 19


 938      61726765 
 938      745F6E75 
 938      74656B74 
 939              	.LASF65:
 940 00da 66726163 		.ascii	"frac\000"
 940      00
 941              	.LASF58:
 942 00df 6B5F756E 		.ascii	"k_unit_param_type_spread\000"
 942      69745F70 
 942      6172616D 
 942      5F747970 
 942      655F7370 
 943              	.LASF74:
 944 00f8 6465765F 		.ascii	"dev_id\000"
 944      696400
 945              	.LASF81:
 946 00ff 756E6974 		.ascii	"unit_header_t\000"
 946      5F686561 
 946      6465725F 
 946      7400
 947              	.LASF25:
 948 010d 6B5F756E 		.ascii	"k_unit_module_masterfx\000"
 948      69745F6D 
 948      6F64756C 
 948      655F6D61 
 948      73746572 
 949              	.LASF12:
 950 0124 75696E74 		.ascii	"uint8_t\000"
 950      385F7400 
 951              	.LASF53:
 952 012c 6B5F756E 		.ascii	"k_unit_param_type_enum\000"
 952      69745F70 
 952      6172616D 
 952      5F747970 
 952      655F656E 
 953              	.LASF47:
 954 0143 6B5F756E 		.ascii	"k_unit_param_type_oct\000"
 954      69745F70 
 954      6172616D 
 954      5F747970 
 954      655F6F63 
 955              	.LASF52:
 956 0159 6B5F756E 		.ascii	"k_unit_param_type_sec\000"
 956      69745F70 
 956      6172616D 
 956      5F747970 
 956      655F7365 
 957              	.LASF61:
 958 016f 6B5F756E 		.ascii	"k_unit_param_type_count\000"
 958      69745F70 
 958      6172616D 
 958      5F747970 
 958      655F636F 
 959              	.LASF31:
 960 0187 6B5F756E 		.ascii	"k_unit_target_nutektdigital_revfx\000"
 960      69745F74 
 960      61726765 
ARM GAS  /var/folders/18/xss02wnj1dvbmt0zsb1nmd100000gn/T//ccQby6VV.s 			page 20


 960      745F6E75 
 960      74656B74 
 961              	.LASF32:
 962 01a9 6B5F756E 		.ascii	"k_unit_target_nutektdigital_osc\000"
 962      69745F74 
 962      61726765 
 962      745F6E75 
 962      74656B74 
 963              	.LASF43:
 964 01c9 6B5F756E 		.ascii	"k_unit_param_type_percent\000"
 964      69745F70 
 964      6172616D 
 964      5F747970 
 964      655F7065 
 965              	.LASF28:
 966 01e3 6B5F756E 		.ascii	"k_unit_target_nutektdigital_global\000"
 966      69745F74 
 966      61726765 
 966      745F6E75 
 966      74656B74 
 967              	.LASF17:
 968 0206 666C6F61 		.ascii	"float\000"
 968      7400
 969              	.LASF57:
 970 020c 6B5F756E 		.ascii	"k_unit_param_type_pan\000"
 970      69745F70 
 970      6172616D 
 970      5F747970 
 970      655F7061 
 971              	.LASF34:
 972 0222 6B5F756E 		.ascii	"k_unit_target_nts1_mkii_global\000"
 972      69745F74 
 972      61726765 
 972      745F6E74 
 972      73315F6D 
 973              	.LASF9:
 974 0241 6C6F6E67 		.ascii	"long long int\000"
 974      206C6F6E 
 974      6720696E 
 974      7400
 975              	.LASF6:
 976 024f 6C6F6E67 		.ascii	"long int\000"
 976      20696E74 
 976      00
 977              	.LASF77:
 978 0258 72657365 		.ascii	"reserved0\000"
 978      72766564 
 978      3000
 979              	.LASF78:
 980 0262 72657365 		.ascii	"reserved1\000"
 980      72766564 
 980      3100
 981              	.LASF56:
 982 026c 6B5F756E 		.ascii	"k_unit_param_type_drywet\000"
 982      69745F70 
 982      6172616D 
 982      5F747970 
ARM GAS  /var/folders/18/xss02wnj1dvbmt0zsb1nmd100000gn/T//ccQby6VV.s 			page 21


 982      655F6472 
 983              	.LASF35:
 984 0285 6B5F756E 		.ascii	"k_unit_target_nts1_mkii_modfx\000"
 984      69745F74 
 984      61726765 
 984      745F6E74 
 984      73315F6D 
 985              	.LASF71:
 986 02a3 756E6974 		.ascii	"unit_header\000"
 986      5F686561 
 986      64657200 
 987              	.LASF39:
 988 02af 6B5F756E 		.ascii	"k_unit_api_1_0_0\000"
 988      69745F61 
 988      70695F31 
 988      5F305F30 
 988      00
 989              	.LASF82:
 990 02c0 474E5520 		.ascii	"GNU C11 10.3.1 20210824 (release) -mcpu=cortex-m7 -"
 990      43313120 
 990      31302E33 
 990      2E312032 
 990      30323130 
 991 02f3 6D746875 		.ascii	"mthumb -mno-thumb-interwork -mlittle-endian -mfloat"
 991      6D62202D 
 991      6D6E6F2D 
 991      7468756D 
 991      622D696E 
 992 0326 2D616269 		.ascii	"-abi=hard -mfpu=fpv4-sp-d16 -march=armv7e-m+fp -g -"
 992      3D686172 
 992      64202D6D 
 992      6670753D 
 992      66707634 
 993 0359 4F73202D 		.ascii	"Os -std=c11 -fsingle-precision-constant -fcheck-new"
 993      7374643D 
 993      63313120 
 993      2D667369 
 993      6E676C65 
 994 038c 202D6650 		.ascii	" -fPIC -fno-exceptions\000"
 994      4943202D 
 994      666E6F2D 
 994      65786365 
 994      7074696F 
 995              	.LASF51:
 996 03a3 6B5F756E 		.ascii	"k_unit_param_type_msec\000"
 996      69745F70 
 996      6172616D 
 996      5F747970 
 996      655F6D73 
 997              	.LASF21:
 998 03ba 6B5F756E 		.ascii	"k_unit_module_delfx\000"
 998      69745F6D 
 998      6F64756C 
 998      655F6465 
 998      6C667800 
 999              	.LASF80:
 1000 03ce 70617261 		.ascii	"params\000"
ARM GAS  /var/folders/18/xss02wnj1dvbmt0zsb1nmd100000gn/T//ccQby6VV.s 			page 22


 1000      6D7300
 1001              	.LASF68:
 1002 03d5 6E616D65 		.ascii	"name\000"
 1002      00
 1003              	.LASF54:
 1004 03da 6B5F756E 		.ascii	"k_unit_param_type_strings\000"
 1004      69745F70 
 1004      6172616D 
 1004      5F747970 
 1004      655F7374 
 1005              	.LASF15:
 1006 03f4 6C6F6E67 		.ascii	"long double\000"
 1006      20646F75 
 1006      626C6500 
 1007              	.LASF72:
 1008 0400 68656164 		.ascii	"header_size\000"
 1008      65725F73 
 1008      697A6500 
 1009              	.LASF1:
 1010 040c 756E7369 		.ascii	"unsigned char\000"
 1010      676E6564 
 1010      20636861 
 1010      7200
 1011              	.LASF55:
 1012 041a 6B5F756E 		.ascii	"k_unit_param_type_reserved0\000"
 1012      69745F70 
 1012      6172616D 
 1012      5F747970 
 1012      655F7265 
 1013              	.LASF0:
 1014 0436 7369676E 		.ascii	"signed char\000"
 1014      65642063 
 1014      68617200 
 1015              	.LASF30:
 1016 0442 6B5F756E 		.ascii	"k_unit_target_nutektdigital_delfx\000"
 1016      69745F74 
 1016      61726765 
 1016      745F6E75 
 1016      74656B74 
 1017              	.LASF10:
 1018 0464 6C6F6E67 		.ascii	"long long unsigned int\000"
 1018      206C6F6E 
 1018      6720756E 
 1018      7369676E 
 1018      65642069 
 1019              	.LASF14:
 1020 047b 75696E74 		.ascii	"uint32_t\000"
 1020      33325F74 
 1020      00
 1021              	.LASF11:
 1022 0484 756E7369 		.ascii	"unsigned int\000"
 1022      676E6564 
 1022      20696E74 
 1022      00
 1023              	.LASF42:
 1024 0491 6B5F756E 		.ascii	"k_unit_param_type_none\000"
 1024      69745F70 
ARM GAS  /var/folders/18/xss02wnj1dvbmt0zsb1nmd100000gn/T//ccQby6VV.s 			page 23


 1024      6172616D 
 1024      5F747970 
 1024      655F6E6F 
 1025              	.LASF8:
 1026 04a8 6C6F6E67 		.ascii	"long unsigned int\000"
 1026      20756E73 
 1026      69676E65 
 1026      6420696E 
 1026      7400
 1027              	.LASF50:
 1028 04ba 6B5F756E 		.ascii	"k_unit_param_type_bpm\000"
 1028      69745F70 
 1028      6172616D 
 1028      5F747970 
 1028      655F6270 
 1029              	.LASF37:
 1030 04d0 6B5F756E 		.ascii	"k_unit_target_nts1_mkii_revfx\000"
 1030      69745F74 
 1030      61726765 
 1030      745F6E74 
 1030      73315F6D 
 1031              	.LASF83:
 1032 04ee 2F557365 		.ascii	"/Users/majid/repos/NTS-1_Binaries/Lyre-1-mkii/src/h"
 1032      72732F6D 
 1032      616A6964 
 1032      2F726570 
 1032      6F732F4E 
 1033 0521 65616465 		.ascii	"eader.c\000"
 1033      722E6300 
 1034              	.LASF26:
 1035 0529 6B5F6E75 		.ascii	"k_num_unit_modules\000"
 1035      6D5F756E 
 1035      69745F6D 
 1035      6F64756C 
 1035      657300
 1036              	.LASF5:
 1037 053c 73686F72 		.ascii	"short unsigned int\000"
 1037      7420756E 
 1037      7369676E 
 1037      65642069 
 1037      6E7400
 1038              	.LASF60:
 1039 054f 6B5F756E 		.ascii	"k_unit_param_type_midi_note\000"
 1039      69745F70 
 1039      6172616D 
 1039      5F747970 
 1039      655F6D69 
 1040              	.LASF16:
 1041 056b 63686172 		.ascii	"char\000"
 1041      00
 1042              	.LASF63:
 1043 0570 696E6974 		.ascii	"init\000"
 1043      00
 1044              	.LASF64:
 1045 0575 74797065 		.ascii	"type\000"
 1045      00
 1046              	.LASF23:
ARM GAS  /var/folders/18/xss02wnj1dvbmt0zsb1nmd100000gn/T//ccQby6VV.s 			page 24


 1047 057a 6B5F756E 		.ascii	"k_unit_module_osc\000"
 1047      69745F6D 
 1047      6F64756C 
 1047      655F6F73 
 1047      6300
 1048              	.LASF13:
 1049 058c 696E7431 		.ascii	"int16_t\000"
 1049      365F7400 
 1050              	.LASF19:
 1051 0594 6B5F756E 		.ascii	"k_unit_module_global\000"
 1051      69745F6D 
 1051      6F64756C 
 1051      655F676C 
 1051      6F62616C 
 1052              	.LASF59:
 1053 05a9 6B5F756E 		.ascii	"k_unit_param_type_onoff\000"
 1053      69745F70 
 1053      6172616D 
 1053      5F747970 
 1053      655F6F6E 
 1054              	.LASF36:
 1055 05c1 6B5F756E 		.ascii	"k_unit_target_nts1_mkii_delfx\000"
 1055      69745F74 
 1055      61726765 
 1055      745F6E74 
 1055      73315F6D 
 1056              	.LASF66:
 1057 05df 66726163 		.ascii	"frac_mode\000"
 1057      5F6D6F64 
 1057      6500
 1058              	.LASF79:
 1059 05e9 6E756D5F 		.ascii	"num_params\000"
 1059      70617261 
 1059      6D7300
 1060              	.LASF33:
 1061 05f4 6B5F756E 		.ascii	"k_unit_target_nts1_mkii\000"
 1061      69745F74 
 1061      61726765 
 1061      745F6E74 
 1061      73315F6D 
 1062              	.LASF49:
 1063 060c 6B5F756E 		.ascii	"k_unit_param_type_khertz\000"
 1063      69745F70 
 1063      6172616D 
 1063      5F747970 
 1063      655F6B68 
 1064              	.LASF41:
 1065 0625 6B5F756E 		.ascii	"k_unit_api_2_0_0\000"
 1065      69745F61 
 1065      70695F32 
 1065      5F305F30 
 1065      00
 1066              	.LASF46:
 1067 0636 6B5F756E 		.ascii	"k_unit_param_type_semi\000"
 1067      69745F70 
 1067      6172616D 
 1067      5F747970 
ARM GAS  /var/folders/18/xss02wnj1dvbmt0zsb1nmd100000gn/T//ccQby6VV.s 			page 25


 1067      655F7365 
 1068              	.LASF18:
 1069 064d 646F7562 		.ascii	"double\000"
 1069      6C6500
 1070              	.LASF44:
 1071 0654 6B5F756E 		.ascii	"k_unit_param_type_db\000"
 1071      69745F70 
 1071      6172616D 
 1071      5F747970 
 1071      655F6462 
 1072              	.LASF3:
 1073 0669 5F5F696E 		.ascii	"__int16_t\000"
 1073      7431365F 
 1073      7400
 1074              	.LASF40:
 1075 0673 6B5F756E 		.ascii	"k_unit_api_1_1_0\000"
 1075      69745F61 
 1075      70695F31 
 1075      5F315F30 
 1075      00
 1076              	.LASF73:
 1077 0684 74617267 		.ascii	"target\000"
 1077      657400
 1078              	.LASF27:
 1079 068b 6B5F756E 		.ascii	"k_unit_target_nutektdigital\000"
 1079      69745F74 
 1079      61726765 
 1079      745F6E75 
 1079      74656B74 
 1080              	.LASF84:
 1081 06a7 2F557365 		.ascii	"/Users/majid/repos/NTS-1_Binaries/Lyre-1-mkii\000"
 1081      72732F6D 
 1081      616A6964 
 1081      2F726570 
 1081      6F732F4E 
 1082              	.LASF20:
 1083 06d5 6B5F756E 		.ascii	"k_unit_module_modfx\000"
 1083      69745F6D 
 1083      6F64756C 
 1083      655F6D6F 
 1083      64667800 
 1084              	.LASF67:
 1085 06e9 72657365 		.ascii	"reserved\000"
 1085      72766564 
 1085      00
 1086              	.LASF2:
 1087 06f2 5F5F7569 		.ascii	"__uint8_t\000"
 1087      6E74385F 
 1087      7400
 1088              		.ident	"GCC: (GNU Arm Embedded Toolchain 10.3-2021.10) 10.3.1 20210824 (release)"
ARM GAS  /var/folders/18/xss02wnj1dvbmt0zsb1nmd100000gn/T//ccQby6VV.s 			page 26


DEFINED SYMBOLS
                            *ABS*:0000000000000000 header.c
/var/folders/18/xss02wnj1dvbmt0zsb1nmd100000gn/T//ccQby6VV.s:23     .unit_header:0000000000000000 unit_header
/var/folders/18/xss02wnj1dvbmt0zsb1nmd100000gn/T//ccQby6VV.s:31     .unit_header:000000000000001f $d

NO UNDEFINED SYMBOLS
